2013-05-20 11:20:58.130 GMT : Apache Derby Network Server - 10.6.2.1 - (999685) started and ready to accept connections on port 1527
----------------------------------------------------------------
2013-05-20 11:20:59.170 GMT:
Booting Derby version The Apache Software Foundation - Apache Derby - 10.6.2.1 - (999685): instance a816c00e-013e-c1ab-bd77-ffffffccd9bb 
on database directory D:\Tp2\Assignment4\Hardware  with class loader sun.misc.Launcher$AppClassLoader@35ce36 
Loaded from file:/C:/Program%20Files/Sun/JavaDB/lib/derby.jar
java.vendor=Sun Microsystems Inc.
java.runtime.version=1.6.0_39-b04
Database Class Loader started - derby.database.classpath=''

2013-05-20 11:21:00.897 GMT:
Shutting down instance a816c00e-013e-c1ab-bd77-ffffffccd9bb with class loader sun.misc.Launcher$AppClassLoader@35ce36 
----------------------------------------------------------------
2013-05-20 11:21:01.112 GMT Thread[DRDAConnThread_3,5,main] (DATABASE = Hardware), (DRDAID = {2}), Database 'Hardware' shutdown.
----------------------------------------------------------------
2013-05-20 11:46:22.813 GMT:
Booting Derby version The Apache Software Foundation - Apache Derby - 10.6.2.1 - (999685): instance 341cc09e-013e-c1ab-bd77-ffffffccd9bb 
on database directory D:\Tp2\Assignment4\Hardware  with class loader sun.misc.Launcher$AppClassLoader@35ce36 
Loaded from file:/C:/Program%20Files/Sun/JavaDB/lib/derby.jar
java.vendor=Sun Microsystems Inc.
java.runtime.version=1.6.0_39-b04
Database Class Loader started - derby.database.classpath=''
